[02:25:01] [ServerMain/INFO]: [bootstrap] Running Java 21 (OpenJDK 64-Bit Server VM 21.0.5+11-Ubuntu-1ubuntu120.04; Ubuntu null) on Linux 6.5.0-1025-azure (amd64)
[02:25:01] [ServerMain/INFO]: [bootstrap] Loading Paper 1.21-130-master@b1b5d4c (2024-08-10T10:02:42Z) for Minecraft 1.21
[02:25:01] [ServerMain/INFO]: [PluginInitializerManager] Initializing plugins...
[02:25:02] [ServerMain/INFO]: [PluginInitializerManager] Initialized 1 plugin
[02:25:02] [ServerMain/INFO]: [PluginInitializerManager] Bukkit plugins (1):
 - SmoothTimber (1.27.2)
[02:25:06] [ServerMain/INFO]: Environment: Environment[sessionHost=https://sessionserver.mojang.com, servicesHost=https://api.minecraftservices.com, name=PROD]
[02:25:07] [ServerMain/INFO]: Loaded 1290 recipes
[02:25:08] [ServerMain/INFO]: Loaded 1399 advancements
[02:25:08] [Server thread/INFO]: Starting minecraft server version 1.21
[02:25:08] [Server thread/INFO]: Loading properties
[02:25:08] [Server thread/INFO]: This server is running Paper version 1.21-130-master@b1b5d4c (2024-08-10T10:02:42Z) (Implementing API version 1.21-R0.1-SNAPSHOT)
[02:25:09] [Server thread/INFO]: [spark] This server bundles the spark profiler. For more information please visit https://docs.papermc.io/paper/profiling
[02:25:09] [Server thread/INFO]: Server Ping Player Sample Count: 12
[02:25:09] [Server thread/INFO]: Using 4 threads for Netty based IO
[02:25:09] [Server thread/INFO]: [ChunkTaskScheduler] Chunk system is using 1 I/O threads, 1 worker threads, and population gen parallelism of 1 threads
[02:25:10] [Server thread/INFO]: Default game type: SURVIVAL
[02:25:10] [Server thread/INFO]: Generating keypair
[02:25:10] [Server thread/INFO]: Starting Minecraft server on *:25565
[02:25:10] [Server thread/INFO]: Using epoll channel type
[02:25:10] [Server thread/INFO]: Paper: Using libdeflate (Linux x86_64) compression from Velocity.
[02:25:10] [Server thread/INFO]: Paper: Using OpenSSL 1.1.x (Linux x86_64) cipher from Velocity.
[02:25:10] [Server thread/INFO]: [SmoothTimber] Loading server plugin SmoothTimber v1.27.2
[02:25:10] [Server thread/INFO]: Server permissions file permissions.yml is empty, ignoring it
[02:25:10] [Server thread/WARN]: **** SERVER IS RUNNING IN OFFLINE/INSECURE MODE!
[02:25:10] [Server thread/WARN]: The server will make no attempt to authenticate usernames. Beware.
[02:25:10] [Server thread/WARN]: While this makes the game possible to play without internet access, it also opens up the ability for hackers to connect with any username they choose.
[02:25:10] [Server thread/WARN]: To change this, set "online-mode" to "true" in the server.properties file.
[02:25:10] [Server thread/INFO]: Preparing level "Trap Argentino server"
[02:25:10] [Server thread/INFO]: Preparing start region for dimension minecraft:overworld
[02:25:12] [Server thread/INFO]: Time elapsed: 1660 ms
[02:25:12] [Server thread/INFO]: Preparing start region for dimension minecraft:the_nether
[02:25:12] [Server thread/INFO]: Time elapsed: 147 ms
[02:25:12] [Server thread/INFO]: Preparing start region for dimension minecraft:the_end
[02:25:12] [Server thread/INFO]: Time elapsed: 66 ms
[02:25:12] [Server thread/INFO]: [SmoothTimber] Enabling SmoothTimber v1.27.2
[02:25:12] [Server thread/INFO]: SmoothTimber || You're currently using the supported Minecraft Version 1.21 (Core v1_20x)
[02:25:13] [Server thread/INFO]: [spark] Starting background profiler...
[02:25:13] [Server thread/INFO]: Done preparing level "Trap Argentino server" (3.159s)
[02:25:13] [Server thread/INFO]: Running delayed init tasks
[02:25:13] [Server thread/INFO]: Done (12.877s)! For help, type "help"
[02:25:13] [Server thread/INFO]: Timings Reset
